0 info it worked if it ends with ok
1 verbose cli [ 'C:\\Program Files\\nodejs\\\\node.exe',
1 verbose cli   'C:\\Program Files\\nodejs\\node_modules\\npm\\bin\\npm-cli.js',
1 verbose cli   'install' ]
2 info using npm@1.4.28
3 info using node@v0.10.40
4 verbose node symlink C:\Program Files\nodejs\\node.exe
5 verbose readDependencies using package.json deps
6 verbose install where, deps [ 'C:\\project\\myresume',
6 verbose install   [ 'grunt-karma',
6 verbose install     'gulp',
6 verbose install     'gulp-autoprefixer',
6 verbose install     'gulp-cache',
6 verbose install     'gulp-connect',
6 verbose install     'gulp-filter',
6 verbose install     'gulp-imagemin',
6 verbose install     'gulp-jshint',
6 verbose install     'gulp-karma',
6 verbose install     'gulp-load-plugins',
6 verbose install     'gulp-minify-css',
6 verbose install     'gulp-ng-annotate',
6 verbose install     'gulp-plumber',
6 verbose install     'gulp-rev',
6 verbose install     'gulp-rev-replace',
6 verbose install     'gulp-uglify',
6 verbose install     'gulp-useref',
6 verbose install     'gulp-util',
6 verbose install     'gulp-watch',
6 verbose install     'jshint-stylish',
6 verbose install     'karma-jasmine',
6 verbose install     'karma-phantomjs-launcher',
6 verbose install     'lazypipe',
6 verbose install     'open',
6 verbose install     'rimraf',
6 verbose install     'run-sequence',
6 verbose install     'wiredep' ] ]
7 info preinstall myresume@
8 verbose readDependencies using package.json deps
9 verbose already installed skipping grunt-karma@* C:\project\myresume
10 verbose already installed skipping gulp@^3.9.0 C:\project\myresume
11 verbose already installed skipping gulp-autoprefixer@2.3.1 C:\project\myresume
12 verbose already installed skipping gulp-cache@^0.2.10 C:\project\myresume
13 verbose already installed skipping gulp-connect@^2.2.0 C:\project\myresume
14 verbose already installed skipping gulp-filter@^2.0.2 C:\project\myresume
15 verbose already installed skipping gulp-imagemin@^2.3.0 C:\project\myresume
16 verbose already installed skipping gulp-jshint@^1.11.1 C:\project\myresume
17 verbose already installed skipping gulp-karma@0.0.4 C:\project\myresume
18 verbose already installed skipping gulp-load-plugins@^0.10.0 C:\project\myresume
19 verbose already installed skipping gulp-minify-css@^1.2.0 C:\project\myresume
20 verbose already installed skipping gulp-ng-annotate@^1.0.0 C:\project\myresume
21 verbose already installed skipping gulp-plumber@^1.0.1 C:\project\myresume
22 verbose already installed skipping gulp-rev@^5.0.1 C:\project\myresume
23 verbose already installed skipping gulp-rev-replace@^0.4.2 C:\project\myresume
24 verbose already installed skipping gulp-uglify@^1.2.0 C:\project\myresume
25 verbose already installed skipping gulp-useref@^3.0.0 C:\project\myresume
26 verbose already installed skipping gulp-util@^3.0.6 C:\project\myresume
27 verbose already installed skipping gulp-watch@^4.2.4 C:\project\myresume
28 verbose already installed skipping jshint-stylish@^1.0.0 C:\project\myresume
29 verbose already installed skipping karma-jasmine@* C:\project\myresume
30 verbose already installed skipping karma-phantomjs-launcher@* C:\project\myresume
31 verbose already installed skipping lazypipe@^0.2.4 C:\project\myresume
32 verbose already installed skipping open@0.0.5 C:\project\myresume
33 verbose already installed skipping rimraf@^2.4.0 C:\project\myresume
34 verbose already installed skipping run-sequence@^1.1.1 C:\project\myresume
35 verbose already installed skipping wiredep@^2.2.2 C:\project\myresume
36 silly resolved []
37 info build C:\project\myresume
38 verbose linkStuff [ false, false, false, 'C:\\project' ]
39 info linkStuff myresume@
40 verbose linkBins myresume@
41 verbose linkMans myresume@
42 verbose rebuildBundles myresume@
43 verbose rebuildBundles [ '.bin',
43 verbose rebuildBundles   'grunt',
43 verbose rebuildBundles   'grunt-karma',
43 verbose rebuildBundles   'gulp',
43 verbose rebuildBundles   'gulp-autoprefixer',
43 verbose rebuildBundles   'gulp-cache',
43 verbose rebuildBundles   'gulp-connect',
43 verbose rebuildBundles   'gulp-filter',
43 verbose rebuildBundles   'gulp-imagemin',
43 verbose rebuildBundles   'gulp-jshint',
43 verbose rebuildBundles   'gulp-karma',
43 verbose rebuildBundles   'gulp-load-plugins',
43 verbose rebuildBundles   'gulp-minify-css',
43 verbose rebuildBundles   'gulp-ng-annotate',
43 verbose rebuildBundles   'gulp-plumber',
43 verbose rebuildBundles   'gulp-rev',
43 verbose rebuildBundles   'gulp-rev-replace',
43 verbose rebuildBundles   'gulp-uglify',
43 verbose rebuildBundles   'gulp-useref',
43 verbose rebuildBundles   'gulp-util',
43 verbose rebuildBundles   'gulp-watch',
43 verbose rebuildBundles   'jasmine-core',
43 verbose rebuildBundles   'jshint-stylish',
43 verbose rebuildBundles   'karma',
43 verbose rebuildBundles   'karma-jasmine',
43 verbose rebuildBundles   'karma-phantomjs-launcher',
43 verbose rebuildBundles   'lazypipe',
43 verbose rebuildBundles   'open',
43 verbose rebuildBundles   'phantomjs',
43 verbose rebuildBundles   'rimraf',
43 verbose rebuildBundles   'run-sequence',
43 verbose rebuildBundles   'wiredep' ]
44 verbose rebuild bundle C:\project\myresume\node_modules\grunt
45 info build C:\project\myresume\node_modules\grunt
46 info preinstall grunt@0.4.5
47 verbose linkStuff [ false, false, false, 'C:\\project\\myresume\\node_modules' ]
48 info linkStuff grunt@0.4.5
49 verbose linkBins grunt@0.4.5
50 verbose linkMans grunt@0.4.5
51 verbose rebuildBundles grunt@0.4.5
52 verbose rebuildBundles [ '.bin',
52 verbose rebuildBundles   'async',
52 verbose rebuildBundles   'coffee-script',
52 verbose rebuildBundles   'colors',
52 verbose rebuildBundles   'dateformat',
52 verbose rebuildBundles   'eventemitter2',
52 verbose rebuildBundles   'exit',
52 verbose rebuildBundles   'findup-sync',
52 verbose rebuildBundles   'getobject',
52 verbose rebuildBundles   'glob',
52 verbose rebuildBundles   'grunt-legacy-log',
52 verbose rebuildBundles   'grunt-legacy-util',
52 verbose rebuildBundles   'hooker',
52 verbose rebuildBundles   'iconv-lite',
52 verbose rebuildBundles   'js-yaml',
52 verbose rebuildBundles   'lodash',
52 verbose rebuildBundles   'minimatch',
52 verbose rebuildBundles   'nopt',
52 verbose rebuildBundles   'rimraf',
52 verbose rebuildBundles   'underscore.string',
52 verbose rebuildBundles   'which' ]
53 info install grunt@0.4.5
54 info postinstall grunt@0.4.5
55 verbose rebuild bundle C:\project\myresume\node_modules\jasmine-core
56 info build C:\project\myresume\node_modules\jasmine-core
57 info preinstall jasmine-core@2.4.1
58 verbose linkStuff [ false, false, false, 'C:\\project\\myresume\\node_modules' ]
59 info linkStuff jasmine-core@2.4.1
60 verbose linkBins jasmine-core@2.4.1
61 verbose linkMans jasmine-core@2.4.1
62 verbose rebuildBundles jasmine-core@2.4.1
63 info install jasmine-core@2.4.1
64 info postinstall jasmine-core@2.4.1
65 verbose rebuild bundle C:\project\myresume\node_modules\karma
66 info build C:\project\myresume\node_modules\karma
67 info preinstall karma@0.12.37
68 verbose linkStuff [ false, false, false, 'C:\\project\\myresume\\node_modules' ]
69 info linkStuff karma@0.12.37
70 verbose linkBins karma@0.12.37
71 verbose link bins [ { karma: './bin/karma' },
71 verbose link bins   'C:\\project\\myresume\\node_modules\\.bin',
71 verbose link bins   false ]
72 verbose linkMans karma@0.12.37
73 verbose rebuildBundles karma@0.12.37
74 verbose rebuildBundles [ '.bin',
74 verbose rebuildBundles   'chokidar',
74 verbose rebuildBundles   'colors',
74 verbose rebuildBundles   'connect',
74 verbose rebuildBundles   'di',
74 verbose rebuildBundles   'glob',
74 verbose rebuildBundles   'graceful-fs',
74 verbose rebuildBundles   'http-proxy',
74 verbose rebuildBundles   'lodash',
74 verbose rebuildBundles   'log4js',
74 verbose rebuildBundles   'mime',
74 verbose rebuildBundles   'minimatch',
74 verbose rebuildBundles   'optimist',
74 verbose rebuildBundles   'q',
74 verbose rebuildBundles   'socket.io',
74 verbose rebuildBundles   'source-map',
74 verbose rebuildBundles   'useragent' ]
75 info install karma@0.12.37
76 info postinstall karma@0.12.37
77 verbose rebuild bundle C:\project\myresume\node_modules\phantomjs
78 info build C:\project\myresume\node_modules\phantomjs
79 info preinstall phantomjs@1.9.19
80 verbose linkStuff [ false, false, false, 'C:\\project\\myresume\\node_modules' ]
81 info linkStuff phantomjs@1.9.19
82 verbose linkBins phantomjs@1.9.19
83 verbose link bins [ { phantomjs: './bin/phantomjs' },
83 verbose link bins   'C:\\project\\myresume\\node_modules\\.bin',
83 verbose link bins   false ]
84 verbose linkMans phantomjs@1.9.19
85 verbose rebuildBundles phantomjs@1.9.19
86 verbose rebuildBundles [ '.bin',
86 verbose rebuildBundles   'adm-zip',
86 verbose rebuildBundles   'fs-extra',
86 verbose rebuildBundles   'kew',
86 verbose rebuildBundles   'md5',
86 verbose rebuildBundles   'npmconf',
86 verbose rebuildBundles   'progress',
86 verbose rebuildBundles   'request',
86 verbose rebuildBundles   'request-progress',
86 verbose rebuildBundles   'which' ]
87 info install phantomjs@1.9.19
88 verbose unsafe-perm in lifecycle true
89 info postinstall phantomjs@1.9.19
90 info install myresume@
91 info postinstall myresume@
92 info prepublish myresume@
93 error peerinvalid The package karma does not satisfy its siblings' peerDependencies requirements!
93 error peerinvalid Peer grunt-karma@0.12.1 wants karma@^0.13.0 || >= 0.14.0-rc.0
93 error peerinvalid Peer gulp-karma@0.0.4 wants karma@>=0.10 <=0.13
93 error peerinvalid Peer karma-phantomjs-launcher@0.2.1 wants karma@>=0.9
94 error System Windows_NT 6.2.9200
95 error command "C:\\Program Files\\nodejs\\\\node.exe" "C:\\Program Files\\nodejs\\node_modules\\npm\\bin\\npm-cli.js" "install"
96 error cwd C:\project\myresume
97 error node -v v0.10.40
98 error npm -v 1.4.28
99 error code EPEERINVALID
100 verbose exit [ 1, true ]
